# JRE version: OpenJDK Runtime Environment (8.0_202-b03) (build 1.8.0_202-release-1483-b03)
# Java VM: OpenJDK 64-Bit Server VM (25.202-b03 mixed mode windows-amd64 compressed oops)
Heap:
 def new generation   total 8704K, used 3485K [0x00000000a0000000, 0x00000000a0970000, 0x00000000c0000000)
  eden space 7744K,  35% used [0x00000000a0000000, 0x00000000a02b54b8, 0x00000000a0790000)
  from space 960K,  74% used [0x00000000a0790000, 0x00000000a0842268, 0x00000000a0880000)
  to   space 960K,   0% used [0x00000000a0880000, 0x00000000a0880000, 0x00000000a0970000)
 tenured generation   total 19136K, used 13003K [0x00000000c0000000, 0x00000000c12b0000, 0x0000000100000000)
   the space 19136K,  67% used [0x00000000c0000000, 0x00000000c0cb2cb8, 0x00000000c0cb2e00, 0x00000000c12b0000)
 Metaspace       used 30230K, capacity 30786K, committed 31104K, reserved 1075200K
  class space    used 4202K, capacity 4404K, committed 4480K, reserved 1048576K
GC Heap History (10 events):
Event: 105.429 GC heap before
{Heap before GC invocations=30 (full 1):
 def new generation   total 8704K, used 8658K [0x00000000a0000000, 0x00000000a0970000, 0x00000000c0000000)
  eden space 7744K, 100% used [0x00000000a0000000, 0x00000000a0790000, 0x00000000a0790000)
  from space 960K,  95% used [0x00000000a0880000, 0x00000000a0964a38, 0x00000000a0970000)
  to   space 960K,   0% used [0x00000000a0790000, 0x00000000a0790000, 0x00000000a0880000)
 tenured generation   total 19136K, used 12092K [0x00000000c0000000, 0x00000000c12b0000, 0x0000000100000000)
   the space 19136K,  63% used [0x00000000c0000000, 0x00000000c0bcf3d0, 0x00000000c0bcf400, 0x00000000c12b0000)
 Metaspace       used 28166K, capacity 28680K, committed 28928K, reserved 1075200K
  class space    used 3866K, capacity 4029K, committed 4096K, reserved 1048576K
Event: 105.438 GC heap after
Heap after GC invocations=31 (full 1):
 def new generation   total 8704K, used 790K [0x00000000a0000000, 0x00000000a0970000, 0x00000000c0000000)
  eden space 7744K,   0% used [0x00000000a0000000, 0x00000000a0000000, 0x00000000a0790000)
  from space 960K,  82% used [0x00000000a0790000, 0x00000000a0855890, 0x00000000a0880000)
  to   space 960K,   0% used [0x00000000a0880000, 0x00000000a0880000, 0x00000000a0970000)
 tenured generation   total 19136K, used 12279K [0x00000000c0000000, 0x00000000c12b0000, 0x0000000100000000)
   the space 19136K,  64% used [0x00000000c0000000, 0x00000000c0bfdeb8, 0x00000000c0bfe000, 0x00000000c12b0000)
 Metaspace       used 28166K, capacity 28680K, committed 28928K, reserved 1075200K
  class space    used 3866K, capacity 4029K, committed 4096K, reserved 1048576K
}
Event: 106.102 GC heap before
{Heap before GC invocations=31 (full 1):
 def new generation   total 8704K, used 8534K [0x00000000a0000000, 0x00000000a0970000, 0x00000000c0000000)
  eden space 7744K, 100% used [0x00000000a0000000, 0x00000000a0790000, 0x00000000a0790000)
  from space 960K,  82% used [0x00000000a0790000, 0x00000000a0855890, 0x00000000a0880000)
  to   space 960K,   0% used [0x00000000a0880000, 0x00000000a0880000, 0x00000000a0970000)
 tenured generation   total 19136K, used 12279K [0x00000000c0000000, 0x00000000c12b0000, 0x0000000100000000)
   the space 19136K,  64% used [0x00000000c0000000, 0x00000000c0bfdeb8, 0x00000000c0bfe000, 0x00000000c12b0000)
 Metaspace       used 28620K, capacity 29172K, committed 29568K, reserved 1075200K
  class space    used 3947K, capacity 4127K, committed 4224K, reserved 1048576K
Event: 106.109 GC heap after
Heap after GC invocations=32 (full 1):
 def new generation   total 8704K, used 627K [0x00000000a0000000, 0x00000000a0970000, 0x00000000c0000000)
  eden space 7744K,   0% used [0x00000000a0000000, 0x00000000a0000000, 0x00000000a0790000)
  from space 960K,  65% used [0x00000000a0880000, 0x00000000a091ce00, 0x00000000a0970000)
  to   space 960K,   0% used [0x00000000a0790000, 0x00000000a0790000, 0x00000000a0880000)
 tenured generation   total 19136K, used 12459K [0x00000000c0000000, 0x00000000c12b0000, 0x0000000100000000)
   the space 19136K,  65% used [0x00000000c0000000, 0x00000000c0c2ad60, 0x00000000c0c2ae00, 0x00000000c12b0000)
 Metaspace       used 28620K, capacity 29172K, committed 29568K, reserved 1075200K
  class space    used 3947K, capacity 4127K, committed 4224K, reserved 1048576K
}
Event: 106.961 GC heap before
{Heap before GC invocations=32 (full 1):
 def new generation   total 8704K, used 8371K [0x00000000a0000000, 0x00000000a0970000, 0x00000000c0000000)
  eden space 7744K, 100% used [0x00000000a0000000, 0x00000000a0790000, 0x00000000a0790000)
  from space 960K,  65% used [0x00000000a0880000, 0x00000000a091ce00, 0x00000000a0970000)
  to   space 960K,   0% used [0x00000000a0790000, 0x00000000a0790000, 0x00000000a0880000)
 tenured generation   total 19136K, used 12459K [0x00000000c0000000, 0x00000000c12b0000, 0x0000000100000000)
   the space 19136K,  65% used [0x00000000c0000000, 0x00000000c0c2ad60, 0x00000000c0c2ae00, 0x00000000c12b0000)
 Metaspace       used 29109K, capacity 29658K, committed 29824K, reserved 1075200K
  class space    used 4028K, capacity 4224K, committed 4224K, reserved 1048576K
Event: 106.970 GC heap after
Heap after GC invocations=33 (full 1):
 def new generation   total 8704K, used 631K [0x00000000a0000000, 0x00000000a0970000, 0x00000000c0000000)
  eden space 7744K,   0% used [0x00000000a0000000, 0x00000000a0000000, 0x00000000a0790000)
  from space 960K,  65% used [0x00000000a0790000, 0x00000000a082dcc8, 0x00000000a0880000)
  to   space 960K,   0% used [0x00000000a0880000, 0x00000000a0880000, 0x00000000a0970000)
 tenured generation   total 19136K, used 12721K [0x00000000c0000000, 0x00000000c12b0000, 0x0000000100000000)
   the space 19136K,  66% used [0x00000000c0000000, 0x00000000c0c6c400, 0x00000000c0c6c400, 0x00000000c12b0000)
 Metaspace       used 29109K, capacity 29658K, committed 29824K, reserved 1075200K
  class space    used 4028K, capacity 4224K, committed 4224K, reserved 1048576K
}
Event: 108.286 GC heap before
{Heap before GC invocations=33 (full 1):
 def new generation   total 8704K, used 8375K [0x00000000a0000000, 0x00000000a0970000, 0x00000000c0000000)
  eden space 7744K, 100% used [0x00000000a0000000, 0x00000000a0790000, 0x00000000a0790000)
  from space 960K,  65% used [0x00000000a0790000, 0x00000000a082dcc8, 0x00000000a0880000)
  to   space 960K,   0% used [0x00000000a0880000, 0x00000000a0880000, 0x00000000a0970000)
 tenured generation   total 19136K, used 12721K [0x00000000c0000000, 0x00000000c12b0000, 0x0000000100000000)
   the space 19136K,  66% used [0x00000000c0000000, 0x00000000c0c6c400, 0x00000000c0c6c400, 0x00000000c12b0000)
 Metaspace       used 29585K, capacity 30138K, committed 30464K, reserved 1075200K
  class space    used 4096K, capacity 4256K, committed 4352K, reserved 1048576K
Event: 108.293 GC heap after
Heap after GC invocations=34 (full 1):
 def new generation   total 8704K, used 597K [0x00000000a0000000, 0x00000000a0970000, 0x00000000c0000000)
  eden space 7744K,   0% used [0x00000000a0000000, 0x00000000a0000000, 0x00000000a0790000)
  from space 960K,  62% used [0x00000000a0880000, 0x00000000a0915520, 0x00000000a0970000)
  to   space 960K,   0% used [0x00000000a0790000, 0x00000000a0790000, 0x00000000a0880000)
 tenured generation   total 19136K, used 12891K [0x00000000c0000000, 0x00000000c12b0000, 0x0000000100000000)
   the space 19136K,  67% used [0x00000000c0000000, 0x00000000c0c96fe8, 0x00000000c0c97000, 0x00000000c12b0000)
 Metaspace       used 29585K, capacity 30138K, committed 30464K, reserved 1075200K
  class space    used 4096K, capacity 4256K, committed 4352K, reserved 1048576K
}
Event: 109.885 GC heap before
{Heap before GC invocations=34 (full 1):
 def new generation   total 8704K, used 8341K [0x00000000a0000000, 0x00000000a0970000, 0x00000000c0000000)
  eden space 7744K, 100% used [0x00000000a0000000, 0x00000000a0790000, 0x00000000a0790000)
  from space 960K,  62% used [0x00000000a0880000, 0x00000000a0915520, 0x00000000a0970000)
  to   space 960K,   0% used [0x00000000a0790000, 0x00000000a0790000, 0x00000000a0880000)
 tenured generation   total 19136K, used 12891K [0x00000000c0000000, 0x00000000c12b0000, 0x0000000100000000)
   the space 19136K,  67% used [0x00000000c0000000, 0x00000000c0c96fe8, 0x00000000c0c97000, 0x00000000c12b0000)
 Metaspace       used 30114K, capacity 30684K, committed 30848K, reserved 1075200K
  class space    used 4192K, capacity 4371K, committed 4480K, reserved 1048576K
Event: 109.892 GC heap after
Heap after GC invocations=35 (full 1):
 def new generation   total 8704K, used 712K [0x00000000a0000000, 0x00000000a0970000, 0x00000000c0000000)
  eden space 7744K,   0% used [0x00000000a0000000, 0x00000000a0000000, 0x00000000a0790000)
  from space 960K,  74% used [0x00000000a0790000, 0x00000000a0842268, 0x00000000a0880000)
  to   space 960K,   0% used [0x00000000a0880000, 0x00000000a0880000, 0x00000000a0970000)
 tenured generation   total 19136K, used 13003K [0x00000000c0000000, 0x00000000c12b0000, 0x0000000100000000)
   the space 19136K,  67% used [0x00000000c0000000, 0x00000000c0cb2cb8, 0x00000000c0cb2e00, 0x00000000c12b0000)
 Metaspace       used 30114K, capacity 30684K, committed 30848K, reserved 1075200K
  class space    used 4192K, capacity 4371K, committed 4480K, reserved 1048576K
}

